<?xml version="1.0" encoding="UTF-8"?>
<!-- Generated by org.testng.reporters.JUnitReportReporter -->
<testsuite skipped="0" hostname="DESKTOP-D7PUHMF" name="FlightBookingTest" tests="1" failures="0" timestamp="03 Sep 2018 03:45:49 GMT" time="27.305" errors="0">
  <testcase name="testThatResultsAppearForAOneWayJourney" time="27.305" classname="FlightBookingTest"/>
</testsuite> <!-- FlightBookingTest -->
