<?xml version="1.0" encoding="UTF-8"?>
<!-- Generated by org.testng.reporters.JUnitReportReporter -->
<testsuite skipped="0" hostname="DESKTOP-D7PUHMF" name="SignInTest" tests="1" failures="0" timestamp="03 Sep 2018 17:54:36 GMT" time="12.951" errors="0">
  <testcase name="shouldThrowAnErrorIfSignInDetailsAreMissing" time="12.951" classname="SignInTest"/>
</testsuite> <!-- SignInTest -->
