<?xml version="1.0" encoding="UTF-8"?>
<!-- Generated by org.testng.reporters.JUnitReportReporter -->
<testsuite skipped="0" hostname="DESKTOP-D7PUHMF" name="HotelBookingTest" tests="1" failures="0" timestamp="03 Sep 2018 04:39:48 GMT" time="15.846" errors="0">
  <testcase name="shouldBeAbleToSearchForHotels" time="15.846" classname="HotelBookingTest"/>
</testsuite> <!-- HotelBookingTest -->
